Determining if the pthread_create exist failed with the following output:
Change Dir: /home/hariharan/mecanum_bot_ws/build/catkin_tools_prebuild/CMakeFiles/CMakeTmp

Run Build Command:"/usr/bin/make" "cmTC_e9d3d/fast"
/usr/bin/make -f CMakeFiles/cmTC_e9d3d.dir/build.make CMakeFiles/cmTC_e9d3d.dir/build
make[1]: Entering directory '/home/hariharan/mecanum_bot_ws/build/catkin_tools_prebuild/CMakeFiles/CMakeTmp'
Building C object CMakeFiles/cmTC_e9d3d.dir/CheckSymbolExists.c.o
/usr/bin/cc    -o CMakeFiles/cmTC_e9d3d.dir/CheckSymbolExists.c.o   -c /home/hariharan/mecanum_bot_ws/build/catkin_tools_prebuild/CMakeFiles/CMakeTmp/CheckSymbolExists.c
Linking C executable cmTC_e9d3d
/usr/bin/cmake -E cmake_link_script CMakeFiles/cmTC_e9d3d.dir/link.txt --verbose=1
/usr/bin/cc      -rdynamic CMakeFiles/cmTC_e9d3d.dir/CheckSymbolExists.c.o  -o cmTC_e9d3d 
CMakeFiles/cmTC_e9d3d.dir/CheckSymbolExists.c.o: In function `main':
CheckSymbolExists.c:(.text+0x1b): undefined reference to `pthread_create'
collect2: error: ld returned 1 exit status
CMakeFiles/cmTC_e9d3d.dir/build.make:97: recipe for target 'cmTC_e9d3d' failed
make[1]: *** [cmTC_e9d3d] Error 1
make[1]: Leaving directory '/home/hariharan/mecanum_bot_ws/build/catkin_tools_prebuild/CMakeFiles/CMakeTmp'
Makefile:126: recipe for target 'cmTC_e9d3d/fast' failed
make: *** [cmTC_e9d3d/fast] Error 2

File /home/hariharan/mecanum_bot_ws/build/catkin_tools_prebuild/CMakeFiles/CMakeTmp/CheckSymbolExists.c:
/* */
#include <pthread.h>

int main(int argc, char** argv)
{
  (void)argv;
#ifndef pthread_create
  return ((int*)(&pthread_create))[argc];
#else
  (void)argc;
  return 0;
#endif
}

Determining if the function pthread_create exists in the pthreads failed with the following output:
Change Dir: /home/hariharan/mecanum_bot_ws/build/catkin_tools_prebuild/CMakeFiles/CMakeTmp

Run Build Command:"/usr/bin/make" "cmTC_0873c/fast"
/usr/bin/make -f CMakeFiles/cmTC_0873c.dir/build.make CMakeFiles/cmTC_0873c.dir/build
make[1]: Entering directory '/home/hariharan/mecanum_bot_ws/build/catkin_tools_prebuild/CMakeFiles/CMakeTmp'
Building C object CMakeFiles/cmTC_0873c.dir/CheckFunctionExists.c.o
/usr/bin/cc   -DCHECK_FUNCTION_EXISTS=pthread_create   -o CMakeFiles/cmTC_0873c.dir/CheckFunctionExists.c.o   -c /usr/share/cmake-3.10/Modules/CheckFunctionExists.c
Linking C executable cmTC_0873c
/usr/bin/cmake -E cmake_link_script CMakeFiles/cmTC_0873c.dir/link.txt --verbose=1
/usr/bin/cc  -DCHECK_FUNCTION_EXISTS=pthread_create    -rdynamic CMakeFiles/cmTC_0873c.dir/CheckFunctionExists.c.o  -o cmTC_0873c -lpthreads 
/usr/bin/ld: cannot find -lpthreads
collect2: error: ld returned 1 exit status
CMakeFiles/cmTC_0873c.dir/build.make:97: recipe for target 'cmTC_0873c' failed
make[1]: *** [cmTC_0873c] Error 1
make[1]: Leaving directory '/home/hariharan/mecanum_bot_ws/build/catkin_tools_prebuild/CMakeFiles/CMakeTmp'
Makefile:126: recipe for target 'cmTC_0873c/fast' failed
make: *** [cmTC_0873c/fast] Error 2


